[INFO] 2025/12/07 01:31:50.814762 logger.go:44: start filehandler.CreateFile(1234.txt,...)
[INFO] 2025/12/07 01:31:50.814926 logger.go:44: start filehandler.PublicHouse.NewSeed(/home/rama/Загрузки/avidreaders.ru__oblomov.txt,...)
[INFO] 2025/12/07 01:31:50.815061 logger.go:44: start filehandler.PublicHouse.NewSeed(/home/rama/Загрузки/Рахманкулов иу8-34 лабораторная 3 отчет(2).docx,...)
[INFO] 2025/12/07 01:31:50.815305 logger.go:44: start filehandler.PublicHouse.NewSeed(/home/rama/Загрузки/avidreaders.ru__oblomov.txt,...)
[INFO] 2025/12/07 01:31:50.815444 logger.go:44: start filehandler.PublicHouse.NewSeed(/home/rama/Загрузки/Рахманкулов иу8-34 лабораторная 3 отчет(2).docx,...)
[INFO] 2025/12/07 01:31:50.815605 logger.go:44: start filehandler.PublicHouse.GetBitmap(/home/rama/Загрузки/avidreaders.ru__oblomov.txt,...)
[INFO] 2025/12/07 01:31:50.815622 logger.go:44: start filehandler.PublicHouse.GetBitmap(/home/rama/Загрузки/Рахманкулов иу8-34 лабораторная 3 отчет(2).docx,...)
[INFO] 2025/12/07 01:31:50.815635 logger.go:44: start filehandler.PublicHouse.GetBitmap(avidreaders.ru__oblomov.txt,...)
[INFO] 2025/12/07 01:31:50.815658 logger.go:44: start filehandler.PublicHouse.GetBitmap(Рахманкулов иу8-34 лабораторная 3 отчет(2).docx,...)
[INFO] 2025/12/07 01:31:50.815693 logger.go:44: start filehandler.PublicHouse.NewSeed(/home/rama/Загрузки/avidreaders.ru__oblomov.txt,...)
[INFO] 2025/12/07 01:31:50.815793 logger.go:44: start filehandler.PublicHouse.NewSeed(/home/rama/Загрузки/Рахманкулов иу8-34 лабораторная 3 отчет(2).docx,...)
[INFO] 2025/12/07 01:31:50.815943 logger.go:44: start filehandler.PublicHouse.HasPiece(/home/rama/Загрузки/avidreaders.ru__oblomov.txt,1)
[INFO] 2025/12/07 01:31:50.815951 logger.go:44: start filehandler.PublicHouse.GetBitmap(/home/rama/Загрузки/avidreaders.ru__oblomov.txt,...)
[INFO] 2025/12/07 01:31:50.815967 logger.go:44: start filehandler.PublicHouse.HasPiece(/home/rama/Загрузки/avidreaders.ru__oblomov.txt,1)
[INFO] 2025/12/07 01:31:50.815972 logger.go:44: start filehandler.PublicHouse.GetBitmap(/home/rama/Загрузки/avidreaders.ru__oblomov.txt,...)
[INFO] 2025/12/07 01:31:50.815983 logger.go:44: start filehandler.PublicHouse.HasPiece(/home/rama/Загрузки/Рахманкулов иу8-34 лабораторная 3 отчет(2).docx,1)
[INFO] 2025/12/07 01:31:50.815987 logger.go:44: start filehandler.PublicHouse.GetBitmap(/home/rama/Загрузки/Рахманкулов иу8-34 лабораторная 3 отчет(2).docx,...)
[INFO] 2025/12/07 01:31:50.815999 logger.go:44: start filehandler.PublicHouse.HasPiece(/home/rama/Загрузки/Рахманкулов иу8-34 лабораторная 3 отчет(2).docx,1)
[INFO] 2025/12/07 01:31:50.816003 logger.go:44: start filehandler.PublicHouse.GetBitmap(/home/rama/Загрузки/Рахманкулов иу8-34 лабораторная 3 отчет(2).docx,...)
[INFO] 2025/12/07 01:31:50.816014 logger.go:44: start filehandler.PublicHouse.HasPiece(avidreaders.ru__oblomov.txt,1)
[INFO] 2025/12/07 01:31:50.816018 logger.go:44: start filehandler.PublicHouse.GetBitmap(avidreaders.ru__oblomov.txt,...)
[INFO] 2025/12/07 01:31:50.816029 logger.go:44: start filehandler.PublicHouse.HasPiece(avidreaders.ru__oblomov.txt,1)
[INFO] 2025/12/07 01:31:50.816033 logger.go:44: start filehandler.PublicHouse.GetBitmap(avidreaders.ru__oblomov.txt,...)
[INFO] 2025/12/07 01:31:50.816044 logger.go:44: start filehandler.PublicHouse.HasPiece(Рахманкулов иу8-34 лабораторная 3 отчет(2).docx,1)
[INFO] 2025/12/07 01:31:50.816048 logger.go:44: start filehandler.PublicHouse.GetBitmap(Рахманкулов иу8-34 лабораторная 3 отчет(2).docx,...)
[INFO] 2025/12/07 01:31:50.816059 logger.go:44: start filehandler.PublicHouse.HasPiece(Рахманкулов иу8-34 лабораторная 3 отчет(2).docx,1)
[INFO] 2025/12/07 01:31:50.816068 logger.go:44: start filehandler.PublicHouse.GetBitmap(Рахманкулов иу8-34 лабораторная 3 отчет(2).docx,...)
[INFO] 2025/12/07 01:31:50.816080 logger.go:44: start filehandler.PublicHouse.HasPiece(/home/rama/Загрузки/avidreaders.ru__oblomov.txt,20)
[INFO] 2025/12/07 01:31:50.816084 logger.go:44: start filehandler.PublicHouse.GetBitmap(/home/rama/Загрузки/avidreaders.ru__oblomov.txt,...)
[ERROR] 2025/12/07 01:31:50.816101 logger.go:52: filehandler.PublicHouse.HasPiece(...) have err = <nil>
[INFO] 2025/12/07 01:31:50.816106 logger.go:44: start filehandler.PublicHouse.HasPiece(/home/rama/Загрузки/avidreaders.ru__oblomov.txt,20)
[INFO] 2025/12/07 01:31:50.816111 logger.go:44: start filehandler.PublicHouse.GetBitmap(/home/rama/Загрузки/avidreaders.ru__oblomov.txt,...)
[ERROR] 2025/12/07 01:31:50.816122 logger.go:52: filehandler.PublicHouse.HasPiece(...) have err = <nil>
[INFO] 2025/12/07 01:31:50.816127 logger.go:44: start filehandler.PublicHouse.HasPiece(/home/rama/Загрузки/Рахманкулов иу8-34 лабораторная 3 отчет(2).docx,20)
[INFO] 2025/12/07 01:31:50.816131 logger.go:44: start filehandler.PublicHouse.GetBitmap(/home/rama/Загрузки/Рахманкулов иу8-34 лабораторная 3 отчет(2).docx,...)
[ERROR] 2025/12/07 01:31:50.816143 logger.go:52: filehandler.PublicHouse.HasPiece(...) have err = <nil>
[INFO] 2025/12/07 01:31:50.816148 logger.go:44: start filehandler.PublicHouse.HasPiece(/home/rama/Загрузки/Рахманкулов иу8-34 лабораторная 3 отчет(2).docx,20)
[INFO] 2025/12/07 01:31:50.816152 logger.go:44: start filehandler.PublicHouse.GetBitmap(/home/rama/Загрузки/Рахманкулов иу8-34 лабораторная 3 отчет(2).docx,...)
[ERROR] 2025/12/07 01:31:50.816163 logger.go:52: filehandler.PublicHouse.HasPiece(...) have err = <nil>
[INFO] 2025/12/07 01:31:50.816167 logger.go:44: start filehandler.PublicHouse.HasPiece(avidreaders.ru__oblomov.txt,20)
[INFO] 2025/12/07 01:31:50.816171 logger.go:44: start filehandler.PublicHouse.GetBitmap(avidreaders.ru__oblomov.txt,...)
[ERROR] 2025/12/07 01:31:50.816183 logger.go:52: filehandler.PublicHouse.HasPiece(...) have err = <nil>
[INFO] 2025/12/07 01:31:50.816187 logger.go:44: start filehandler.PublicHouse.HasPiece(avidreaders.ru__oblomov.txt,20)
[INFO] 2025/12/07 01:31:50.816192 logger.go:44: start filehandler.PublicHouse.GetBitmap(avidreaders.ru__oblomov.txt,...)
[ERROR] 2025/12/07 01:31:50.816203 logger.go:52: filehandler.PublicHouse.HasPiece(...) have err = <nil>
[INFO] 2025/12/07 01:31:50.816207 logger.go:44: start filehandler.PublicHouse.HasPiece(Рахманкулов иу8-34 лабораторная 3 отчет(2).docx,20)
[INFO] 2025/12/07 01:31:50.816211 logger.go:44: start filehandler.PublicHouse.GetBitmap(Рахманкулов иу8-34 лабораторная 3 отчет(2).docx,...)
[ERROR] 2025/12/07 01:31:50.816222 logger.go:52: filehandler.PublicHouse.HasPiece(...) have err = <nil>
[INFO] 2025/12/07 01:31:50.816227 logger.go:44: start filehandler.PublicHouse.HasPiece(Рахманкулов иу8-34 лабораторная 3 отчет(2).docx,20)
[INFO] 2025/12/07 01:31:50.816231 logger.go:44: start filehandler.PublicHouse.GetBitmap(Рахманкулов иу8-34 лабораторная 3 отчет(2).docx,...)
[ERROR] 2025/12/07 01:31:50.816242 logger.go:52: filehandler.PublicHouse.HasPiece(...) have err = <nil>
[INFO] 2025/12/07 01:31:50.816264 logger.go:44: start filehandler.PublicHouse.NewSeed(/home/rama/Загрузки/avidreaders.ru__oblomov.txt,...)
[INFO] 2025/12/07 01:31:50.816368 logger.go:44: start filehandler.PublicHouse.NewSeed(/home/rama/Загрузки/Рахманкулов иу8-34 лабораторная 3 отчет(2).docx,...)
[INFO] 2025/12/07 01:31:50.816526 logger.go:44: start filehandler.PublicHouse.HasRecord(/home/rama/Загрузки/avidreaders.ru__oblomov.txt,...)
[INFO] 2025/12/07 01:31:50.816543 logger.go:44: start filehandler.PublicHouse.HasRecord(/home/rama/Загрузки/Рахманкулов иу8-34 лабораторная 3 отчет(2).docx,...)
[INFO] 2025/12/07 01:31:50.816571 logger.go:44: start filehandler.PublicHouse.HasRecord(avidreaders.ru__oblomov.txt,...)
[INFO] 2025/12/07 01:31:50.816587 logger.go:44: start filehandler.PublicHouse.HasRecord(Рахманкулов иу8-34 лабораторная 3 отчет(2).docx,...)
[INFO] 2025/12/07 01:31:50.816599 logger.go:44: start filehandler.PublicHouse.HasRecord(1234,...)
[ERROR] 2025/12/07 01:31:50.816611 logger.go:48: ilehandler.PublicHouse.HasRecord(...) have err = not found Record
[INFO] 2025/12/07 01:31:50.816616 logger.go:44: start filehandler.PublicHouse.HasRecord(123,...)
[ERROR] 2025/12/07 01:31:50.816628 logger.go:48: ilehandler.PublicHouse.HasRecord(...) have err = not found Record
[INFO] 2025/12/07 01:31:50.816634 logger.go:44: start filehandler.PublicHouse.HasRecord(123,...)
[ERROR] 2025/12/07 01:31:50.816645 logger.go:48: ilehandler.PublicHouse.HasRecord(...) have err = not found Record
[INFO] 2025/12/07 01:31:50.816651 logger.go:44: start filehandler.PublicHouse.HasRecord(jsahdgrfilsfdehguoia;df/FDWSGERQAG/ASDGF,...)
[ERROR] 2025/12/07 01:31:50.816662 logger.go:48: ilehandler.PublicHouse.HasRecord(...) have err = not found Record
[INFO] 2025/12/07 01:31:50.816714 logger.go:44: start filehandler.PublicHouse.NewSeed(/home/rama/Загрузки/avidreaders.ru__oblomov.txt,...)
[INFO] 2025/12/07 01:31:50.816827 logger.go:44: start filehandler.PublicHouse.NewSeed(/home/rama/Загрузки/Рахманкулов иу8-34 лабораторная 3 отчет(2).docx,...)
[INFO] 2025/12/07 01:31:50.816985 logger.go:44: start filehandler.PublicHouse.updateRecord(/home/rama/Загрузки/avidreaders.ru__oblomov.txt,000)
[INFO] 2025/12/07 01:31:50.817148 logger.go:44: start filehandler.PublicHouse.GetBitmap(/home/rama/Загрузки/avidreaders.ru__oblomov.txt,...)
[INFO] 2025/12/07 01:33:22.635539 logger.go:44: start filehandler.CreateFile(1234.txt,...)
[INFO] 2025/12/07 01:33:22.635696 logger.go:44: start filehandler.PublicHouse.NewSeed(/home/rama/Загрузки/avidreaders.ru__oblomov.txt,...)
[INFO] 2025/12/07 01:33:22.635820 logger.go:44: start filehandler.PublicHouse.NewSeed(/home/rama/Загрузки/Рахманкулов иу8-34 лабораторная 3 отчет(2).docx,...)
[INFO] 2025/12/07 01:33:22.636025 logger.go:44: start filehandler.PublicHouse.NewSeed(/home/rama/Загрузки/avidreaders.ru__oblomov.txt,...)
[INFO] 2025/12/07 01:33:22.636161 logger.go:44: start filehandler.PublicHouse.NewSeed(/home/rama/Загрузки/Рахманкулов иу8-34 лабораторная 3 отчет(2).docx,...)
[INFO] 2025/12/07 01:33:22.636318 logger.go:44: start filehandler.PublicHouse.GetBitmap(/home/rama/Загрузки/avidreaders.ru__oblomov.txt,...)
[INFO] 2025/12/07 01:33:22.636338 logger.go:44: start filehandler.PublicHouse.GetBitmap(/home/rama/Загрузки/Рахманкулов иу8-34 лабораторная 3 отчет(2).docx,...)
[INFO] 2025/12/07 01:33:22.636354 logger.go:44: start filehandler.PublicHouse.GetBitmap(avidreaders.ru__oblomov.txt,...)
[INFO] 2025/12/07 01:33:22.636367 logger.go:44: start filehandler.PublicHouse.GetBitmap(Рахманкулов иу8-34 лабораторная 3 отчет(2).docx,...)
[INFO] 2025/12/07 01:33:22.636401 logger.go:44: start filehandler.PublicHouse.NewSeed(/home/rama/Загрузки/avidreaders.ru__oblomov.txt,...)
[INFO] 2025/12/07 01:33:22.636482 logger.go:44: start filehandler.PublicHouse.NewSeed(/home/rama/Загрузки/Рахманкулов иу8-34 лабораторная 3 отчет(2).docx,...)
[INFO] 2025/12/07 01:33:22.636696 logger.go:44: start filehandler.PublicHouse.HasPiece(/home/rama/Загрузки/avidreaders.ru__oblomov.txt,1)
[INFO] 2025/12/07 01:33:22.636712 logger.go:44: start filehandler.PublicHouse.GetBitmap(/home/rama/Загрузки/avidreaders.ru__oblomov.txt,...)
[INFO] 2025/12/07 01:33:22.636740 logger.go:44: start filehandler.PublicHouse.HasPiece(/home/rama/Загрузки/avidreaders.ru__oblomov.txt,1)
[INFO] 2025/12/07 01:33:22.636756 logger.go:44: start filehandler.PublicHouse.GetBitmap(/home/rama/Загрузки/avidreaders.ru__oblomov.txt,...)
[INFO] 2025/12/07 01:33:22.636778 logger.go:44: start filehandler.PublicHouse.HasPiece(/home/rama/Загрузки/Рахманкулов иу8-34 лабораторная 3 отчет(2).docx,1)
[INFO] 2025/12/07 01:33:22.636786 logger.go:44: start filehandler.PublicHouse.GetBitmap(/home/rama/Загрузки/Рахманкулов иу8-34 лабораторная 3 отчет(2).docx,...)
[INFO] 2025/12/07 01:33:22.636808 logger.go:44: start filehandler.PublicHouse.HasPiece(/home/rama/Загрузки/Рахманкулов иу8-34 лабораторная 3 отчет(2).docx,1)
[INFO] 2025/12/07 01:33:22.636815 logger.go:44: start filehandler.PublicHouse.GetBitmap(/home/rama/Загрузки/Рахманкулов иу8-34 лабораторная 3 отчет(2).docx,...)
[INFO] 2025/12/07 01:33:22.636835 logger.go:44: start filehandler.PublicHouse.HasPiece(avidreaders.ru__oblomov.txt,1)
[INFO] 2025/12/07 01:33:22.636842 logger.go:44: start filehandler.PublicHouse.GetBitmap(avidreaders.ru__oblomov.txt,...)
[INFO] 2025/12/07 01:33:22.636862 logger.go:44: start filehandler.PublicHouse.HasPiece(avidreaders.ru__oblomov.txt,1)
[INFO] 2025/12/07 01:33:22.636870 logger.go:44: start filehandler.PublicHouse.GetBitmap(avidreaders.ru__oblomov.txt,...)
[INFO] 2025/12/07 01:33:22.636889 logger.go:44: start filehandler.PublicHouse.HasPiece(Рахманкулов иу8-34 лабораторная 3 отчет(2).docx,1)
[INFO] 2025/12/07 01:33:22.636897 logger.go:44: start filehandler.PublicHouse.GetBitmap(Рахманкулов иу8-34 лабораторная 3 отчет(2).docx,...)
[INFO] 2025/12/07 01:33:22.636917 logger.go:44: start filehandler.PublicHouse.HasPiece(Рахманкулов иу8-34 лабораторная 3 отчет(2).docx,1)
[INFO] 2025/12/07 01:33:22.636924 logger.go:44: start filehandler.PublicHouse.GetBitmap(Рахманкулов иу8-34 лабораторная 3 отчет(2).docx,...)
[INFO] 2025/12/07 01:33:22.636943 logger.go:44: start filehandler.PublicHouse.HasPiece(/home/rama/Загрузки/avidreaders.ru__oblomov.txt,20)
[INFO] 2025/12/07 01:33:22.636951 logger.go:44: start filehandler.PublicHouse.GetBitmap(/home/rama/Загрузки/avidreaders.ru__oblomov.txt,...)
[ERROR] 2025/12/07 01:33:22.636999 logger.go:52: filehandler.PublicHouse.HasPiece(...) have err = <nil>
[INFO] 2025/12/07 01:33:22.637010 logger.go:44: start filehandler.PublicHouse.HasPiece(/home/rama/Загрузки/avidreaders.ru__oblomov.txt,20)
[INFO] 2025/12/07 01:33:22.637019 logger.go:44: start filehandler.PublicHouse.GetBitmap(/home/rama/Загрузки/avidreaders.ru__oblomov.txt,...)
[ERROR] 2025/12/07 01:33:22.637041 logger.go:52: filehandler.PublicHouse.HasPiece(...) have err = <nil>
[INFO] 2025/12/07 01:33:22.637050 logger.go:44: start filehandler.PublicHouse.HasPiece(/home/rama/Загрузки/Рахманкулов иу8-34 лабораторная 3 отчет(2).docx,20)
[INFO] 2025/12/07 01:33:22.637057 logger.go:44: start filehandler.PublicHouse.GetBitmap(/home/rama/Загрузки/Рахманкулов иу8-34 лабораторная 3 отчет(2).docx,...)
[ERROR] 2025/12/07 01:33:22.637078 logger.go:52: filehandler.PublicHouse.HasPiece(...) have err = <nil>
[INFO] 2025/12/07 01:33:22.637086 logger.go:44: start filehandler.PublicHouse.HasPiece(/home/rama/Загрузки/Рахманкулов иу8-34 лабораторная 3 отчет(2).docx,20)
[INFO] 2025/12/07 01:33:22.637093 logger.go:44: start filehandler.PublicHouse.GetBitmap(/home/rama/Загрузки/Рахманкулов иу8-34 лабораторная 3 отчет(2).docx,...)
[ERROR] 2025/12/07 01:33:22.637112 logger.go:52: filehandler.PublicHouse.HasPiece(...) have err = <nil>
[INFO] 2025/12/07 01:33:22.637121 logger.go:44: start filehandler.PublicHouse.HasPiece(avidreaders.ru__oblomov.txt,20)
[INFO] 2025/12/07 01:33:22.637135 logger.go:44: start filehandler.PublicHouse.GetBitmap(avidreaders.ru__oblomov.txt,...)
[ERROR] 2025/12/07 01:33:22.637156 logger.go:52: filehandler.PublicHouse.HasPiece(...) have err = <nil>
[INFO] 2025/12/07 01:33:22.637164 logger.go:44: start filehandler.PublicHouse.HasPiece(avidreaders.ru__oblomov.txt,20)
[INFO] 2025/12/07 01:33:22.637171 logger.go:44: start filehandler.PublicHouse.GetBitmap(avidreaders.ru__oblomov.txt,...)
[ERROR] 2025/12/07 01:33:22.637190 logger.go:52: filehandler.PublicHouse.HasPiece(...) have err = <nil>
[INFO] 2025/12/07 01:33:22.637198 logger.go:44: start filehandler.PublicHouse.HasPiece(Рахманкулов иу8-34 лабораторная 3 отчет(2).docx,20)
[INFO] 2025/12/07 01:33:22.637205 logger.go:44: start filehandler.PublicHouse.GetBitmap(Рахманкулов иу8-34 лабораторная 3 отчет(2).docx,...)
[ERROR] 2025/12/07 01:33:22.637222 logger.go:52: filehandler.PublicHouse.HasPiece(...) have err = <nil>
[INFO] 2025/12/07 01:33:22.637229 logger.go:44: start filehandler.PublicHouse.HasPiece(Рахманкулов иу8-34 лабораторная 3 отчет(2).docx,20)
[INFO] 2025/12/07 01:33:22.637236 logger.go:44: start filehandler.PublicHouse.GetBitmap(Рахманкулов иу8-34 лабораторная 3 отчет(2).docx,...)
[ERROR] 2025/12/07 01:33:22.637254 logger.go:52: filehandler.PublicHouse.HasPiece(...) have err = <nil>
[INFO] 2025/12/07 01:33:22.637293 logger.go:44: start filehandler.PublicHouse.NewSeed(/home/rama/Загрузки/avidreaders.ru__oblomov.txt,...)
[INFO] 2025/12/07 01:33:22.637395 logger.go:44: start filehandler.PublicHouse.NewSeed(/home/rama/Загрузки/Рахманкулов иу8-34 лабораторная 3 отчет(2).docx,...)
[INFO] 2025/12/07 01:33:22.637581 logger.go:44: start filehandler.PublicHouse.HasRecord(/home/rama/Загрузки/avidreaders.ru__oblomov.txt,...)
[INFO] 2025/12/07 01:33:22.637603 logger.go:44: start filehandler.PublicHouse.HasRecord(/home/rama/Загрузки/Рахманкулов иу8-34 лабораторная 3 отчет(2).docx,...)
[INFO] 2025/12/07 01:33:22.637619 logger.go:44: start filehandler.PublicHouse.HasRecord(avidreaders.ru__oblomov.txt,...)
[INFO] 2025/12/07 01:33:22.637636 logger.go:44: start filehandler.PublicHouse.HasRecord(Рахманкулов иу8-34 лабораторная 3 отчет(2).docx,...)
[INFO] 2025/12/07 01:33:22.637653 logger.go:44: start filehandler.PublicHouse.HasRecord(1234,...)
[ERROR] 2025/12/07 01:33:22.637669 logger.go:48: ilehandler.PublicHouse.HasRecord(...) have err = not found Record
[INFO] 2025/12/07 01:33:22.637678 logger.go:44: start filehandler.PublicHouse.HasRecord(123,...)
[ERROR] 2025/12/07 01:33:22.637696 logger.go:48: ilehandler.PublicHouse.HasRecord(...) have err = not found Record
[INFO] 2025/12/07 01:33:22.637705 logger.go:44: start filehandler.PublicHouse.HasRecord(123,...)
[ERROR] 2025/12/07 01:33:22.637722 logger.go:48: ilehandler.PublicHouse.HasRecord(...) have err = not found Record
[INFO] 2025/12/07 01:33:22.637731 logger.go:44: start filehandler.PublicHouse.HasRecord(jsahdgrfilsfdehguoia;df/FDWSGERQAG/ASDGF,...)
[ERROR] 2025/12/07 01:33:22.637748 logger.go:48: ilehandler.PublicHouse.HasRecord(...) have err = not found Record
[INFO] 2025/12/07 01:33:22.637818 logger.go:44: start filehandler.PublicHouse.NewSeed(/home/rama/Загрузки/avidreaders.ru__oblomov.txt,...)
[INFO] 2025/12/07 01:33:22.637924 logger.go:44: start filehandler.PublicHouse.NewSeed(/home/rama/Загрузки/Рахманкулов иу8-34 лабораторная 3 отчет(2).docx,...)
[INFO] 2025/12/07 01:33:22.638098 logger.go:44: start filehandler.PublicHouse.updateRecord(/home/rama/Загрузки/avidreaders.ru__oblomov.txt,000)
[INFO] 2025/12/07 01:33:22.638263 logger.go:44: start filehandler.PublicHouse.GetBitmap(/home/rama/Загрузки/avidreaders.ru__oblomov.txt,...)
[INFO] 2025/12/07 01:33:22.638286 logger.go:44: start filehandler.PublicHouse.updateRecord(Рахманкулов иу8-34 лабораторная 3 отчет(2).docx,000)
[INFO] 2025/12/07 01:33:22.638431 logger.go:44: start filehandler.PublicHouse.GetBitmap(Рахманкулов иу8-34 лабораторная 3 отчет(2).docx,...)
[INFO] 2025/12/07 01:57:50.239649 logger.go:44: start filehandler.CreateFile(1234.txt,...)
[INFO] 2025/12/07 01:57:50.239802 logger.go:44: start filehandler.PublicHouse.NewSeed(/home/rama/Загрузки/avidreaders.ru__oblomov.txt,...)
[INFO] 2025/12/07 01:57:50.239923 logger.go:44: start filehandler.PublicHouse.NewSeed(/home/rama/Загрузки/Рахманкулов иу8-34 лабораторная 3 отчет(2).docx,...)
[INFO] 2025/12/07 01:57:50.240144 logger.go:44: start filehandler.PublicHouse.NewSeed(/home/rama/Загрузки/avidreaders.ru__oblomov.txt,...)
[INFO] 2025/12/07 01:57:50.240281 logger.go:44: start filehandler.PublicHouse.NewSeed(/home/rama/Загрузки/Рахманкулов иу8-34 лабораторная 3 отчет(2).docx,...)
[INFO] 2025/12/07 01:57:50.240452 logger.go:44: start filehandler.PublicHouse.GetBitmap(/home/rama/Загрузки/avidreaders.ru__oblomov.txt,...)
[INFO] 2025/12/07 01:57:50.240467 logger.go:44: start filehandler.PublicHouse.GetBitmap(/home/rama/Загрузки/Рахманкулов иу8-34 лабораторная 3 отчет(2).docx,...)
[INFO] 2025/12/07 01:57:50.240478 logger.go:44: start filehandler.PublicHouse.GetBitmap(avidreaders.ru__oblomov.txt,...)
[INFO] 2025/12/07 01:57:50.240489 logger.go:44: start filehandler.PublicHouse.GetBitmap(Рахманкулов иу8-34 лабораторная 3 отчет(2).docx,...)
[INFO] 2025/12/07 01:57:50.240523 logger.go:44: start filehandler.PublicHouse.NewSeed(/home/rama/Загрузки/avidreaders.ru__oblomov.txt,...)
[INFO] 2025/12/07 01:57:50.240602 logger.go:44: start filehandler.PublicHouse.NewSeed(/home/rama/Загрузки/Рахманкулов иу8-34 лабораторная 3 отчет(2).docx,...)
[INFO] 2025/12/07 01:57:50.240751 logger.go:44: start filehandler.PublicHouse.HasPiece(/home/rama/Загрузки/avidreaders.ru__oblomov.txt,1)
[INFO] 2025/12/07 01:57:50.240758 logger.go:44: start filehandler.PublicHouse.GetBitmap(/home/rama/Загрузки/avidreaders.ru__oblomov.txt,...)
[INFO] 2025/12/07 01:57:50.240772 logger.go:44: start filehandler.PublicHouse.HasPiece(/home/rama/Загрузки/avidreaders.ru__oblomov.txt,1)
[INFO] 2025/12/07 01:57:50.240776 logger.go:44: start filehandler.PublicHouse.GetBitmap(/home/rama/Загрузки/avidreaders.ru__oblomov.txt,...)
[INFO] 2025/12/07 01:57:50.240786 logger.go:44: start filehandler.PublicHouse.HasPiece(/home/rama/Загрузки/Рахманкулов иу8-34 лабораторная 3 отчет(2).docx,1)
[INFO] 2025/12/07 01:57:50.240790 logger.go:44: start filehandler.PublicHouse.GetBitmap(/home/rama/Загрузки/Рахманкулов иу8-34 лабораторная 3 отчет(2).docx,...)
[INFO] 2025/12/07 01:57:50.240801 logger.go:44: start filehandler.PublicHouse.HasPiece(/home/rama/Загрузки/Рахманкулов иу8-34 лабораторная 3 отчет(2).docx,1)
[INFO] 2025/12/07 01:57:50.240805 logger.go:44: start filehandler.PublicHouse.GetBitmap(/home/rama/Загрузки/Рахманкулов иу8-34 лабораторная 3 отчет(2).docx,...)
[INFO] 2025/12/07 01:57:50.240815 logger.go:44: start filehandler.PublicHouse.HasPiece(avidreaders.ru__oblomov.txt,1)
[INFO] 2025/12/07 01:57:50.240819 logger.go:44: start filehandler.PublicHouse.GetBitmap(avidreaders.ru__oblomov.txt,...)
[INFO] 2025/12/07 01:57:50.240829 logger.go:44: start filehandler.PublicHouse.HasPiece(avidreaders.ru__oblomov.txt,1)
[INFO] 2025/12/07 01:57:50.240833 logger.go:44: start filehandler.PublicHouse.GetBitmap(avidreaders.ru__oblomov.txt,...)
[INFO] 2025/12/07 01:57:50.240843 logger.go:44: start filehandler.PublicHouse.HasPiece(Рахманкулов иу8-34 лабораторная 3 отчет(2).docx,1)
[INFO] 2025/12/07 01:57:50.240846 logger.go:44: start filehandler.PublicHouse.GetBitmap(Рахманкулов иу8-34 лабораторная 3 отчет(2).docx,...)
[INFO] 2025/12/07 01:57:50.240861 logger.go:44: start filehandler.PublicHouse.HasPiece(Рахманкулов иу8-34 лабораторная 3 отчет(2).docx,1)
[INFO] 2025/12/07 01:57:50.240865 logger.go:44: start filehandler.PublicHouse.GetBitmap(Рахманкулов иу8-34 лабораторная 3 отчет(2).docx,...)
[INFO] 2025/12/07 01:57:50.240875 logger.go:44: start filehandler.PublicHouse.HasPiece(/home/rama/Загрузки/avidreaders.ru__oblomov.txt,20)
[INFO] 2025/12/07 01:57:50.240879 logger.go:44: start filehandler.PublicHouse.GetBitmap(/home/rama/Загрузки/avidreaders.ru__oblomov.txt,...)
[ERROR] 2025/12/07 01:57:50.240896 logger.go:52: filehandler.PublicHouse.HasPiece(...) have err = <nil>
[INFO] 2025/12/07 01:57:50.240901 logger.go:44: start filehandler.PublicHouse.HasPiece(/home/rama/Загрузки/avidreaders.ru__oblomov.txt,20)
[INFO] 2025/12/07 01:57:50.240905 logger.go:44: start filehandler.PublicHouse.GetBitmap(/home/rama/Загрузки/avidreaders.ru__oblomov.txt,...)
[ERROR] 2025/12/07 01:57:50.240915 logger.go:52: filehandler.PublicHouse.HasPiece(...) have err = <nil>
[INFO] 2025/12/07 01:57:50.240919 logger.go:44: start filehandler.PublicHouse.HasPiece(/home/rama/Загрузки/Рахманкулов иу8-34 лабораторная 3 отчет(2).docx,20)
[INFO] 2025/12/07 01:57:50.240923 logger.go:44: start filehandler.PublicHouse.GetBitmap(/home/rama/Загрузки/Рахманкулов иу8-34 лабораторная 3 отчет(2).docx,...)
[ERROR] 2025/12/07 01:57:50.240933 logger.go:52: filehandler.PublicHouse.HasPiece(...) have err = <nil>
[INFO] 2025/12/07 01:57:50.240937 logger.go:44: start filehandler.PublicHouse.HasPiece(/home/rama/Загрузки/Рахманкулов иу8-34 лабораторная 3 отчет(2).docx,20)
[INFO] 2025/12/07 01:57:50.240941 logger.go:44: start filehandler.PublicHouse.GetBitmap(/home/rama/Загрузки/Рахманкулов иу8-34 лабораторная 3 отчет(2).docx,...)
[ERROR] 2025/12/07 01:57:50.240951 logger.go:52: filehandler.PublicHouse.HasPiece(...) have err = <nil>
[INFO] 2025/12/07 01:57:50.240955 logger.go:44: start filehandler.PublicHouse.HasPiece(avidreaders.ru__oblomov.txt,20)
[INFO] 2025/12/07 01:57:50.240959 logger.go:44: start filehandler.PublicHouse.GetBitmap(avidreaders.ru__oblomov.txt,...)
[ERROR] 2025/12/07 01:57:50.240969 logger.go:52: filehandler.PublicHouse.HasPiece(...) have err = <nil>
[INFO] 2025/12/07 01:57:50.240973 logger.go:44: start filehandler.PublicHouse.HasPiece(avidreaders.ru__oblomov.txt,20)
[INFO] 2025/12/07 01:57:50.240977 logger.go:44: start filehandler.PublicHouse.GetBitmap(avidreaders.ru__oblomov.txt,...)
[ERROR] 2025/12/07 01:57:50.240987 logger.go:52: filehandler.PublicHouse.HasPiece(...) have err = <nil>
[INFO] 2025/12/07 01:57:50.240991 logger.go:44: start filehandler.PublicHouse.HasPiece(Рахманкулов иу8-34 лабораторная 3 отчет(2).docx,20)
[INFO] 2025/12/07 01:57:50.240995 logger.go:44: start filehandler.PublicHouse.GetBitmap(Рахманкулов иу8-34 лабораторная 3 отчет(2).docx,...)
[ERROR] 2025/12/07 01:57:50.241005 logger.go:52: filehandler.PublicHouse.HasPiece(...) have err = <nil>
[INFO] 2025/12/07 01:57:50.241009 logger.go:44: start filehandler.PublicHouse.HasPiece(Рахманкулов иу8-34 лабораторная 3 отчет(2).docx,20)
[INFO] 2025/12/07 01:57:50.241013 logger.go:44: start filehandler.PublicHouse.GetBitmap(Рахманкулов иу8-34 лабораторная 3 отчет(2).docx,...)
[ERROR] 2025/12/07 01:57:50.241023 logger.go:52: filehandler.PublicHouse.HasPiece(...) have err = <nil>
[INFO] 2025/12/07 01:57:50.241049 logger.go:44: start filehandler.PublicHouse.NewSeed(/home/rama/Загрузки/avidreaders.ru__oblomov.txt,...)
[INFO] 2025/12/07 01:57:50.241129 logger.go:44: start filehandler.PublicHouse.NewSeed(/home/rama/Загрузки/Рахманкулов иу8-34 лабораторная 3 отчет(2).docx,...)
[INFO] 2025/12/07 01:57:50.241288 logger.go:44: start filehandler.PublicHouse.HasRecord(/home/rama/Загрузки/avidreaders.ru__oblomov.txt,...)
[INFO] 2025/12/07 01:57:50.241314 logger.go:44: start filehandler.PublicHouse.HasRecord(/home/rama/Загрузки/Рахманкулов иу8-34 лабораторная 3 отчет(2).docx,...)
[INFO] 2025/12/07 01:57:50.241326 logger.go:44: start filehandler.PublicHouse.HasRecord(avidreaders.ru__oblomov.txt,...)
[INFO] 2025/12/07 01:57:50.241337 logger.go:44: start filehandler.PublicHouse.HasRecord(Рахманкулов иу8-34 лабораторная 3 отчет(2).docx,...)
[INFO] 2025/12/07 01:57:50.241347 logger.go:44: start filehandler.PublicHouse.HasRecord(1234,...)
[ERROR] 2025/12/07 01:57:50.241357 logger.go:48: ilehandler.PublicHouse.HasRecord(...) have err = not found Record
[INFO] 2025/12/07 01:57:50.241363 logger.go:44: start filehandler.PublicHouse.HasRecord(123,...)
[ERROR] 2025/12/07 01:57:50.241373 logger.go:48: ilehandler.PublicHouse.HasRecord(...) have err = not found Record
[INFO] 2025/12/07 01:57:50.241379 logger.go:44: start filehandler.PublicHouse.HasRecord(123,...)
[ERROR] 2025/12/07 01:57:50.241389 logger.go:48: ilehandler.PublicHouse.HasRecord(...) have err = not found Record
[INFO] 2025/12/07 01:57:50.241394 logger.go:44: start filehandler.PublicHouse.HasRecord(jsahdgrfilsfdehguoia;df/FDWSGERQAG/ASDGF,...)
[ERROR] 2025/12/07 01:57:50.241404 logger.go:48: ilehandler.PublicHouse.HasRecord(...) have err = not found Record
[INFO] 2025/12/07 01:57:50.241458 logger.go:44: start filehandler.PublicHouse.NewSeed(/home/rama/Загрузки/avidreaders.ru__oblomov.txt,...)
[INFO] 2025/12/07 01:57:50.241534 logger.go:44: start filehandler.PublicHouse.NewSeed(/home/rama/Загрузки/Рахманкулов иу8-34 лабораторная 3 отчет(2).docx,...)
[INFO] 2025/12/07 01:57:50.241690 logger.go:44: start filehandler.PublicHouse.updateRecord(/home/rama/Загрузки/avidreaders.ru__oblomov.txt,000)
[INFO] 2025/12/07 01:57:50.241838 logger.go:44: start filehandler.PublicHouse.GetBitmap(/home/rama/Загрузки/avidreaders.ru__oblomov.txt,...)
[INFO] 2025/12/07 01:57:50.241853 logger.go:44: start filehandler.PublicHouse.updateRecord(Рахманкулов иу8-34 лабораторная 3 отчет(2).docx,000)
[INFO] 2025/12/07 01:57:50.241990 logger.go:44: start filehandler.PublicHouse.GetBitmap(Рахманкулов иу8-34 лабораторная 3 отчет(2).docx,...)
[INFO] 2025/12/07 01:57:50.242118 logger.go:44: start filehandler.PublicHouse.NewSeed(/home/rama/Загрузки/avidreaders.ru__oblomov.txt,...)
[INFO] 2025/12/07 01:57:50.242197 logger.go:44: start filehandler.PublicHouse.NewSeed(/home/rama/Загрузки/Рахманкулов иу8-34 лабораторная 3 отчет(2).docx,...)
[INFO] 2025/12/07 01:59:44.213682 logger.go:44: start filehandler.CreateFile(1234.txt,...)
[INFO] 2025/12/07 01:59:44.213839 logger.go:44: start filehandler.PublicHouse.NewSeed(/home/rama/Загрузки/avidreaders.ru__oblomov.txt,...)
[INFO] 2025/12/07 01:59:44.213971 logger.go:44: start filehandler.PublicHouse.NewSeed(/home/rama/Загрузки/Рахманкулов иу8-34 лабораторная 3 отчет(2).docx,...)
[INFO] 2025/12/07 01:59:44.214170 logger.go:44: start filehandler.PublicHouse.NewSeed(/home/rama/Загрузки/avidreaders.ru__oblomov.txt,...)
[INFO] 2025/12/07 01:59:44.214299 logger.go:44: start filehandler.PublicHouse.NewSeed(/home/rama/Загрузки/Рахманкулов иу8-34 лабораторная 3 отчет(2).docx,...)
[INFO] 2025/12/07 01:59:44.214454 logger.go:44: start filehandler.PublicHouse.GetBitmap(/home/rama/Загрузки/avidreaders.ru__oblomov.txt,...)
[INFO] 2025/12/07 01:59:44.214472 logger.go:44: start filehandler.PublicHouse.GetBitmap(/home/rama/Загрузки/Рахманкулов иу8-34 лабораторная 3 отчет(2).docx,...)
[INFO] 2025/12/07 01:59:44.214484 logger.go:44: start filehandler.PublicHouse.GetBitmap(avidreaders.ru__oblomov.txt,...)
[INFO] 2025/12/07 01:59:44.214503 logger.go:44: start filehandler.PublicHouse.GetBitmap(Рахманкулов иу8-34 лабораторная 3 отчет(2).docx,...)
[INFO] 2025/12/07 01:59:44.214540 logger.go:44: start filehandler.PublicHouse.NewSeed(/home/rama/Загрузки/avidreaders.ru__oblomov.txt,...)
[INFO] 2025/12/07 01:59:44.214622 logger.go:44: start filehandler.PublicHouse.NewSeed(/home/rama/Загрузки/Рахманкулов иу8-34 лабораторная 3 отчет(2).docx,...)
[INFO] 2025/12/07 01:59:44.214776 logger.go:44: start filehandler.PublicHouse.HasPiece(/home/rama/Загрузки/avidreaders.ru__oblomov.txt,1)
[INFO] 2025/12/07 01:59:44.214784 logger.go:44: start filehandler.PublicHouse.GetBitmap(/home/rama/Загрузки/avidreaders.ru__oblomov.txt,...)
[INFO] 2025/12/07 01:59:44.214801 logger.go:44: start filehandler.PublicHouse.HasPiece(/home/rama/Загрузки/avidreaders.ru__oblomov.txt,1)
[INFO] 2025/12/07 01:59:44.214806 logger.go:44: start filehandler.PublicHouse.GetBitmap(/home/rama/Загрузки/avidreaders.ru__oblomov.txt,...)
[INFO] 2025/12/07 01:59:44.214817 logger.go:44: start filehandler.PublicHouse.HasPiece(/home/rama/Загрузки/Рахманкулов иу8-34 лабораторная 3 отчет(2).docx,1)
[INFO] 2025/12/07 01:59:44.214821 logger.go:44: start filehandler.PublicHouse.GetBitmap(/home/rama/Загрузки/Рахманкулов иу8-34 лабораторная 3 отчет(2).docx,...)
[INFO] 2025/12/07 01:59:44.214834 logger.go:44: start filehandler.PublicHouse.HasPiece(/home/rama/Загрузки/Рахманкулов иу8-34 лабораторная 3 отчет(2).docx,1)
[INFO] 2025/12/07 01:59:44.214839 logger.go:44: start filehandler.PublicHouse.GetBitmap(/home/rama/Загрузки/Рахманкулов иу8-34 лабораторная 3 отчет(2).docx,...)
[INFO] 2025/12/07 01:59:44.214850 logger.go:44: start filehandler.PublicHouse.HasPiece(avidreaders.ru__oblomov.txt,1)
[INFO] 2025/12/07 01:59:44.214854 logger.go:44: start filehandler.PublicHouse.GetBitmap(avidreaders.ru__oblomov.txt,...)
[INFO] 2025/12/07 01:59:44.214865 logger.go:44: start filehandler.PublicHouse.HasPiece(avidreaders.ru__oblomov.txt,1)
[INFO] 2025/12/07 01:59:44.214869 logger.go:44: start filehandler.PublicHouse.GetBitmap(avidreaders.ru__oblomov.txt,...)
[INFO] 2025/12/07 01:59:44.214883 logger.go:44: start filehandler.PublicHouse.HasPiece(Рахманкулов иу8-34 лабораторная 3 отчет(2).docx,1)
[INFO] 2025/12/07 01:59:44.214887 logger.go:44: start filehandler.PublicHouse.GetBitmap(Рахманкулов иу8-34 лабораторная 3 отчет(2).docx,...)
[INFO] 2025/12/07 01:59:44.214898 logger.go:44: start filehandler.PublicHouse.HasPiece(Рахманкулов иу8-34 лабораторная 3 отчет(2).docx,1)
[INFO] 2025/12/07 01:59:44.214902 logger.go:44: start filehandler.PublicHouse.GetBitmap(Рахманкулов иу8-34 лабораторная 3 отчет(2).docx,...)
[INFO] 2025/12/07 01:59:44.214913 logger.go:44: start filehandler.PublicHouse.HasPiece(/home/rama/Загрузки/avidreaders.ru__oblomov.txt,20)
[INFO] 2025/12/07 01:59:44.214917 logger.go:44: start filehandler.PublicHouse.GetBitmap(/home/rama/Загрузки/avidreaders.ru__oblomov.txt,...)
[ERROR] 2025/12/07 01:59:44.214945 logger.go:52: filehandler.PublicHouse.HasPiece(...) have err = <nil>
[INFO] 2025/12/07 01:59:44.214951 logger.go:44: start filehandler.PublicHouse.HasPiece(/home/rama/Загрузки/avidreaders.ru__oblomov.txt,20)
[INFO] 2025/12/07 01:59:44.214955 logger.go:44: start filehandler.PublicHouse.GetBitmap(/home/rama/Загрузки/avidreaders.ru__oblomov.txt,...)
[ERROR] 2025/12/07 01:59:44.214967 logger.go:52: filehandler.PublicHouse.HasPiece(...) have err = <nil>
[INFO] 2025/12/07 01:59:44.214972 logger.go:44: start filehandler.PublicHouse.HasPiece(/home/rama/Загрузки/Рахманкулов иу8-34 лабораторная 3 отчет(2).docx,20)
[INFO] 2025/12/07 01:59:44.214980 logger.go:44: start filehandler.PublicHouse.GetBitmap(/home/rama/Загрузки/Рахманкулов иу8-34 лабораторная 3 отчет(2).docx,...)
[ERROR] 2025/12/07 01:59:44.214992 logger.go:52: filehandler.PublicHouse.HasPiece(...) have err = <nil>
[INFO] 2025/12/07 01:59:44.214996 logger.go:44: start filehandler.PublicHouse.HasPiece(/home/rama/Загрузки/Рахманкулов иу8-34 лабораторная 3 отчет(2).docx,20)
[INFO] 2025/12/07 01:59:44.215000 logger.go:44: start filehandler.PublicHouse.GetBitmap(/home/rama/Загрузки/Рахманкулов иу8-34 лабораторная 3 отчет(2).docx,...)
[ERROR] 2025/12/07 01:59:44.215011 logger.go:52: filehandler.PublicHouse.HasPiece(...) have err = <nil>
[INFO] 2025/12/07 01:59:44.215016 logger.go:44: start filehandler.PublicHouse.HasPiece(avidreaders.ru__oblomov.txt,20)
[INFO] 2025/12/07 01:59:44.215020 logger.go:44: start filehandler.PublicHouse.GetBitmap(avidreaders.ru__oblomov.txt,...)
[ERROR] 2025/12/07 01:59:44.215031 logger.go:52: filehandler.PublicHouse.HasPiece(...) have err = <nil>
[INFO] 2025/12/07 01:59:44.215035 logger.go:44: start filehandler.PublicHouse.HasPiece(avidreaders.ru__oblomov.txt,20)
[INFO] 2025/12/07 01:59:44.215039 logger.go:44: start filehandler.PublicHouse.GetBitmap(avidreaders.ru__oblomov.txt,...)
[ERROR] 2025/12/07 01:59:44.215050 logger.go:52: filehandler.PublicHouse.HasPiece(...) have err = <nil>
[INFO] 2025/12/07 01:59:44.215055 logger.go:44: start filehandler.PublicHouse.HasPiece(Рахманкулов иу8-34 лабораторная 3 отчет(2).docx,20)
[INFO] 2025/12/07 01:59:44.215059 logger.go:44: start filehandler.PublicHouse.GetBitmap(Рахманкулов иу8-34 лабораторная 3 отчет(2).docx,...)
[ERROR] 2025/12/07 01:59:44.215070 logger.go:52: filehandler.PublicHouse.HasPiece(...) have err = <nil>
[INFO] 2025/12/07 01:59:44.215074 logger.go:44: start filehandler.PublicHouse.HasPiece(Рахманкулов иу8-34 лабораторная 3 отчет(2).docx,20)
[INFO] 2025/12/07 01:59:44.215078 logger.go:44: start filehandler.PublicHouse.GetBitmap(Рахманкулов иу8-34 лабораторная 3 отчет(2).docx,...)
[ERROR] 2025/12/07 01:59:44.215089 logger.go:52: filehandler.PublicHouse.HasPiece(...) have err = <nil>
[INFO] 2025/12/07 01:59:44.215111 logger.go:44: start filehandler.PublicHouse.NewSeed(/home/rama/Загрузки/avidreaders.ru__oblomov.txt,...)
[INFO] 2025/12/07 01:59:44.215195 logger.go:44: start filehandler.PublicHouse.NewSeed(/home/rama/Загрузки/Рахманкулов иу8-34 лабораторная 3 отчет(2).docx,...)
[INFO] 2025/12/07 01:59:44.215358 logger.go:44: start filehandler.PublicHouse.HasRecord(/home/rama/Загрузки/avidreaders.ru__oblomov.txt,...)
[INFO] 2025/12/07 01:59:44.215377 logger.go:44: start filehandler.PublicHouse.HasRecord(/home/rama/Загрузки/Рахманкулов иу8-34 лабораторная 3 отчет(2).docx,...)
[INFO] 2025/12/07 01:59:44.215389 logger.go:44: start filehandler.PublicHouse.HasRecord(avidreaders.ru__oblomov.txt,...)
[INFO] 2025/12/07 01:59:44.215401 logger.go:44: start filehandler.PublicHouse.HasRecord(Рахманкулов иу8-34 лабораторная 3 отчет(2).docx,...)
[INFO] 2025/12/07 01:59:44.215412 logger.go:44: start filehandler.PublicHouse.HasRecord(1234,...)
[ERROR] 2025/12/07 01:59:44.215424 logger.go:48: ilehandler.PublicHouse.HasRecord(...) have err = not found Record
[INFO] 2025/12/07 01:59:44.215430 logger.go:44: start filehandler.PublicHouse.HasRecord(123,...)
[ERROR] 2025/12/07 01:59:44.215441 logger.go:48: ilehandler.PublicHouse.HasRecord(...) have err = not found Record
[INFO] 2025/12/07 01:59:44.215446 logger.go:44: start filehandler.PublicHouse.HasRecord(123,...)
[ERROR] 2025/12/07 01:59:44.215459 logger.go:48: ilehandler.PublicHouse.HasRecord(...) have err = not found Record
[INFO] 2025/12/07 01:59:44.215466 logger.go:44: start filehandler.PublicHouse.HasRecord(jsahdgrfilsfdehguoia;df/FDWSGERQAG/ASDGF,...)
[ERROR] 2025/12/07 01:59:44.215482 logger.go:48: ilehandler.PublicHouse.HasRecord(...) have err = not found Record
[INFO] 2025/12/07 01:59:44.215533 logger.go:44: start filehandler.PublicHouse.NewSeed(/home/rama/Загрузки/avidreaders.ru__oblomov.txt,...)
[INFO] 2025/12/07 01:59:44.215616 logger.go:44: start filehandler.PublicHouse.NewSeed(/home/rama/Загрузки/Рахманкулов иу8-34 лабораторная 3 отчет(2).docx,...)
[INFO] 2025/12/07 01:59:44.215774 logger.go:44: start filehandler.PublicHouse.updateRecord(/home/rama/Загрузки/avidreaders.ru__oblomov.txt,000)
[INFO] 2025/12/07 01:59:44.215925 logger.go:44: start filehandler.PublicHouse.GetBitmap(/home/rama/Загрузки/avidreaders.ru__oblomov.txt,...)
[INFO] 2025/12/07 01:59:44.215942 logger.go:44: start filehandler.PublicHouse.updateRecord(Рахманкулов иу8-34 лабораторная 3 отчет(2).docx,000)
[INFO] 2025/12/07 01:59:44.216075 logger.go:44: start filehandler.PublicHouse.GetBitmap(Рахманкулов иу8-34 лабораторная 3 отчет(2).docx,...)
[INFO] 2025/12/07 01:59:44.216207 logger.go:44: start filehandler.PublicHouse.NewSeed(/home/rama/Загрузки/avidreaders.ru__oblomov.txt,...)
[INFO] 2025/12/07 01:59:44.216289 logger.go:44: start filehandler.PublicHouse.NewSeed(/home/rama/Загрузки/Рахманкулов иу8-34 лабораторная 3 отчет(2).docx,...)
[INFO] 2025/12/07 01:59:44.216452 logger.go:44: start filehandler.PublicHouse.GetFullPathByName(avidreaders.ru__oblomov.txt)
[INFO] 2025/12/07 01:59:44.216472 logger.go:44: start filehandler.PublicHouse.GetFullPathByName(Рахманкулов иу8-34 лабораторная 3 отчет(2).docx)
