[INFO] 2025/11/24 21:07:44 logger.go:44: start filehasher.HashFile(no_such_file.txt, 1024)
[ERROR] 2025/11/24 21:07:44 logger.go:52: filehasher.HashFile(...) have err = open no_such_file.txt: no such file or directory
[INFO] 2025/11/24 21:07:44 logger.go:44: start filehasher.HashFile(/tmp/filehasher_test_3244911507, 1024)
[INFO] 2025/11/24 21:07:44 logger.go:44: start filehasher.worker(...)
[INFO] 2025/11/24 21:07:44 logger.go:44: start filehasher.worker(...)
[INFO] 2025/11/24 21:07:44 logger.go:44: start filehasher.worker(...)
[INFO] 2025/11/24 21:07:44 logger.go:44: start filehasher.worker(...)
[INFO] 2025/11/24 21:07:44 logger.go:44: start filehasher.worker(...)
[INFO] 2025/11/24 21:07:44 logger.go:44: start filehasher.worker(...)
[INFO] 2025/11/24 21:07:44 logger.go:44: start filehasher.worker(...)
[INFO] 2025/11/24 21:07:44 logger.go:44: start filehasher.worker(...)
[INFO] 2025/11/24 21:07:44 logger.go:44: start filehasher.worker(...)
[INFO] 2025/11/24 21:07:44 logger.go:44: start filehasher.worker(...)
[INFO] 2025/11/24 21:07:44 logger.go:44: start filehasher.worker(...)
[INFO] 2025/11/24 21:07:44 logger.go:44: start filehasher.worker(...)
[INFO] 2025/11/24 21:07:44 logger.go:44: start filehasher.HashFile(/tmp/filehasher_test_3416260998, 1024)
[INFO] 2025/11/24 21:07:44 logger.go:44: start filehasher.worker(...)
[INFO] 2025/11/24 21:07:44 logger.go:44: start filehasher.worker(...)
[INFO] 2025/11/24 21:07:44 logger.go:44: start filehasher.worker(...)
[INFO] 2025/11/24 21:07:44 logger.go:44: start filehasher.worker(...)
[INFO] 2025/11/24 21:07:44 logger.go:44: start filehasher.worker(...)
[INFO] 2025/11/24 21:07:44 logger.go:44: start filehasher.worker(...)
[INFO] 2025/11/24 21:07:44 logger.go:44: start filehasher.worker(...)
[INFO] 2025/11/24 21:07:44 logger.go:44: start filehasher.worker(...)
[INFO] 2025/11/24 21:07:44 logger.go:44: start filehasher.worker(...)
[INFO] 2025/11/24 21:07:44 logger.go:44: start filehasher.worker(...)
[INFO] 2025/11/24 21:07:44 logger.go:44: start filehasher.worker(...)
[INFO] 2025/11/24 21:07:44 logger.go:44: start filehasher.worker(...)
[INFO] 2025/11/24 21:07:44 logger.go:44: start filehasher.HashFile(/tmp/filehasher_test_3072053370, 1024)
[INFO] 2025/11/24 21:07:44 logger.go:44: start filehasher.worker(...)
[INFO] 2025/11/24 21:07:44 logger.go:44: start filehasher.worker(...)
[INFO] 2025/11/24 21:07:44 logger.go:44: start filehasher.worker(...)
[INFO] 2025/11/24 21:07:44 logger.go:44: start filehasher.worker(...)
[INFO] 2025/11/24 21:07:44 logger.go:44: start filehasher.worker(...)
[INFO] 2025/11/24 21:07:44 logger.go:44: start filehasher.worker(...)
[INFO] 2025/11/24 21:07:44 logger.go:44: start filehasher.worker(...)
[INFO] 2025/11/24 21:07:44 logger.go:44: start filehasher.worker(...)
[INFO] 2025/11/24 21:07:44 logger.go:44: start filehasher.worker(...)
[INFO] 2025/11/24 21:07:44 logger.go:44: start filehasher.worker(...)
[INFO] 2025/11/24 21:07:44 logger.go:44: start filehasher.worker(...)
[INFO] 2025/11/24 21:07:44 logger.go:44: start filehasher.worker(...)
[INFO] 2025/11/24 21:07:44 logger.go:44: start filehasher.HashFile(/tmp/filehasher_test_1268843254, 1)
[INFO] 2025/11/24 21:07:44 logger.go:44: start filehasher.worker(...)
[INFO] 2025/11/24 21:07:44 logger.go:44: start filehasher.worker(...)
[INFO] 2025/11/24 21:07:44 logger.go:44: start filehasher.worker(...)
[INFO] 2025/11/24 21:07:44 logger.go:44: start filehasher.worker(...)
[INFO] 2025/11/24 21:07:44 logger.go:44: start filehasher.worker(...)
[INFO] 2025/11/24 21:07:44 logger.go:44: start filehasher.worker(...)
[INFO] 2025/11/24 21:07:44 logger.go:44: start filehasher.worker(...)
[INFO] 2025/11/24 21:07:44 logger.go:44: start filehasher.worker(...)
[INFO] 2025/11/24 21:07:44 logger.go:44: start filehasher.worker(...)
[INFO] 2025/11/24 21:07:44 logger.go:44: start filehasher.worker(...)
[INFO] 2025/11/24 21:07:44 logger.go:44: start filehasher.worker(...)
[INFO] 2025/11/24 21:07:44 logger.go:44: start filehasher.worker(...)
[INFO] 2025/11/24 21:09:55 logger.go:44: start filehasher.HashFile(no_such_file.txt, 1024)
[ERROR] 2025/11/24 21:09:55 logger.go:52: filehasher.HashFile(...) have err = open no_such_file.txt: no such file or directory
[INFO] 2025/11/24 21:09:55 logger.go:44: start filehasher.HashFile(/tmp/filehasher_test_1706624443, 1024)
[INFO] 2025/11/24 21:09:55 logger.go:44: start filehasher.worker(...)
[INFO] 2025/11/24 21:09:55 logger.go:44: start filehasher.worker(...)
[INFO] 2025/11/24 21:09:55 logger.go:44: start filehasher.worker(...)
[INFO] 2025/11/24 21:09:55 logger.go:44: start filehasher.worker(...)
[INFO] 2025/11/24 21:09:55 logger.go:44: start filehasher.worker(...)
[INFO] 2025/11/24 21:09:55 logger.go:44: start filehasher.worker(...)
[INFO] 2025/11/24 21:09:55 logger.go:44: start filehasher.worker(...)
[INFO] 2025/11/24 21:09:55 logger.go:44: start filehasher.worker(...)
[INFO] 2025/11/24 21:09:55 logger.go:44: start filehasher.worker(...)
[INFO] 2025/11/24 21:09:55 logger.go:44: start filehasher.worker(...)
[INFO] 2025/11/24 21:09:55 logger.go:44: start filehasher.worker(...)
[INFO] 2025/11/24 21:09:55 logger.go:44: start filehasher.worker(...)
[INFO] 2025/11/24 21:09:55 logger.go:44: start filehasher.HashFile(/tmp/filehasher_test_1686263729, 1024)
[INFO] 2025/11/24 21:09:55 logger.go:44: start filehasher.worker(...)
[INFO] 2025/11/24 21:09:55 logger.go:44: start filehasher.worker(...)
[INFO] 2025/11/24 21:09:55 logger.go:44: start filehasher.worker(...)
[INFO] 2025/11/24 21:09:55 logger.go:44: start filehasher.worker(...)
[INFO] 2025/11/24 21:09:55 logger.go:44: start filehasher.worker(...)
[INFO] 2025/11/24 21:09:55 logger.go:44: start filehasher.worker(...)
[INFO] 2025/11/24 21:09:55 logger.go:44: start filehasher.worker(...)
[INFO] 2025/11/24 21:09:55 logger.go:44: start filehasher.worker(...)
[INFO] 2025/11/24 21:09:55 logger.go:44: start filehasher.worker(...)
[INFO] 2025/11/24 21:09:55 logger.go:44: start filehasher.worker(...)
[INFO] 2025/11/24 21:09:55 logger.go:44: start filehasher.worker(...)
[INFO] 2025/11/24 21:09:55 logger.go:44: start filehasher.worker(...)
[INFO] 2025/11/24 21:09:55 logger.go:44: start filehasher.HashFile(/tmp/filehasher_test_290485675, 1024)
[INFO] 2025/11/24 21:09:55 logger.go:44: start filehasher.worker(...)
[INFO] 2025/11/24 21:09:55 logger.go:44: start filehasher.worker(...)
[INFO] 2025/11/24 21:09:55 logger.go:44: start filehasher.worker(...)
[INFO] 2025/11/24 21:09:55 logger.go:44: start filehasher.worker(...)
[INFO] 2025/11/24 21:09:55 logger.go:44: start filehasher.worker(...)
[INFO] 2025/11/24 21:09:55 logger.go:44: start filehasher.worker(...)
[INFO] 2025/11/24 21:09:55 logger.go:44: start filehasher.worker(...)
[INFO] 2025/11/24 21:09:55 logger.go:44: start filehasher.worker(...)
[INFO] 2025/11/24 21:09:55 logger.go:44: start filehasher.worker(...)
[INFO] 2025/11/24 21:09:55 logger.go:44: start filehasher.worker(...)
[INFO] 2025/11/24 21:09:55 logger.go:44: start filehasher.worker(...)
[INFO] 2025/11/24 21:09:55 logger.go:44: start filehasher.worker(...)
[INFO] 2025/11/24 21:09:55 logger.go:44: start filehasher.HashFile(/tmp/filehasher_test_2643605697, 1)
[INFO] 2025/11/24 21:09:55 logger.go:44: start filehasher.worker(...)
[INFO] 2025/11/24 21:09:55 logger.go:44: start filehasher.worker(...)
[INFO] 2025/11/24 21:09:55 logger.go:44: start filehasher.worker(...)
[INFO] 2025/11/24 21:09:55 logger.go:44: start filehasher.worker(...)
[INFO] 2025/11/24 21:09:55 logger.go:44: start filehasher.worker(...)
[INFO] 2025/11/24 21:09:55 logger.go:44: start filehasher.worker(...)
[INFO] 2025/11/24 21:09:55 logger.go:44: start filehasher.worker(...)
[INFO] 2025/11/24 21:09:55 logger.go:44: start filehasher.worker(...)
[INFO] 2025/11/24 21:09:55 logger.go:44: start filehasher.worker(...)
[INFO] 2025/11/24 21:09:55 logger.go:44: start filehasher.worker(...)
[INFO] 2025/11/24 21:09:55 logger.go:44: start filehasher.worker(...)
[INFO] 2025/11/24 21:09:55 logger.go:44: start filehasher.worker(...)
[INFO] 2025/11/24 21:10:23 logger.go:44: start filehasher.HashFile(testdata/avidreaders.ru__oblomov.txt, 1024)
[INFO] 2025/11/24 21:10:23 logger.go:44: start filehasher.worker(...)
[INFO] 2025/11/24 21:10:23 logger.go:44: start filehasher.worker(...)
[INFO] 2025/11/24 21:10:23 logger.go:44: start filehasher.worker(...)
[INFO] 2025/11/24 21:10:23 logger.go:44: start filehasher.worker(...)
[INFO] 2025/11/24 21:10:23 logger.go:44: start filehasher.worker(...)
[INFO] 2025/11/24 21:10:23 logger.go:44: start filehasher.worker(...)
[INFO] 2025/11/24 21:10:23 logger.go:44: start filehasher.worker(...)
[INFO] 2025/11/24 21:10:23 logger.go:44: start filehasher.worker(...)
[INFO] 2025/11/24 21:10:23 logger.go:44: start filehasher.worker(...)
[INFO] 2025/11/24 21:10:23 logger.go:44: start filehasher.worker(...)
[INFO] 2025/11/24 21:10:23 logger.go:44: start filehasher.worker(...)
[INFO] 2025/11/24 21:10:23 logger.go:44: start filehasher.worker(...)
[INFO] 2025/11/24 21:10:23 logger.go:44: start filehasher.HashFile(no_such_file.txt, 1024)
[ERROR] 2025/11/24 21:10:23 logger.go:52: filehasher.HashFile(...) have err = open no_such_file.txt: no such file or directory
[INFO] 2025/11/24 21:10:23 logger.go:44: start filehasher.HashFile(/tmp/filehasher_test_2428163114, 1024)
[INFO] 2025/11/24 21:10:23 logger.go:44: start filehasher.worker(...)
[INFO] 2025/11/24 21:10:23 logger.go:44: start filehasher.worker(...)
[INFO] 2025/11/24 21:10:23 logger.go:44: start filehasher.worker(...)
[INFO] 2025/11/24 21:10:23 logger.go:44: start filehasher.worker(...)
[INFO] 2025/11/24 21:10:23 logger.go:44: start filehasher.worker(...)
[INFO] 2025/11/24 21:10:23 logger.go:44: start filehasher.worker(...)
[INFO] 2025/11/24 21:10:23 logger.go:44: start filehasher.worker(...)
[INFO] 2025/11/24 21:10:23 logger.go:44: start filehasher.worker(...)
[INFO] 2025/11/24 21:10:23 logger.go:44: start filehasher.worker(...)
[INFO] 2025/11/24 21:10:23 logger.go:44: start filehasher.worker(...)
[INFO] 2025/11/24 21:10:23 logger.go:44: start filehasher.worker(...)
[INFO] 2025/11/24 21:10:23 logger.go:44: start filehasher.worker(...)
[INFO] 2025/11/24 21:10:23 logger.go:44: start filehasher.HashFile(/tmp/filehasher_test_1456661487, 1024)
[INFO] 2025/11/24 21:10:23 logger.go:44: start filehasher.worker(...)
[INFO] 2025/11/24 21:10:23 logger.go:44: start filehasher.worker(...)
[INFO] 2025/11/24 21:10:23 logger.go:44: start filehasher.worker(...)
[INFO] 2025/11/24 21:10:23 logger.go:44: start filehasher.worker(...)
[INFO] 2025/11/24 21:10:23 logger.go:44: start filehasher.worker(...)
[INFO] 2025/11/24 21:10:23 logger.go:44: start filehasher.worker(...)
[INFO] 2025/11/24 21:10:23 logger.go:44: start filehasher.worker(...)
[INFO] 2025/11/24 21:10:23 logger.go:44: start filehasher.worker(...)
[INFO] 2025/11/24 21:10:23 logger.go:44: start filehasher.worker(...)
[INFO] 2025/11/24 21:10:23 logger.go:44: start filehasher.worker(...)
[INFO] 2025/11/24 21:10:23 logger.go:44: start filehasher.worker(...)
[INFO] 2025/11/24 21:10:23 logger.go:44: start filehasher.worker(...)
[INFO] 2025/11/24 21:10:23 logger.go:44: start filehasher.HashFile(/tmp/filehasher_test_3121518790, 1024)
[INFO] 2025/11/24 21:10:23 logger.go:44: start filehasher.worker(...)
[INFO] 2025/11/24 21:10:23 logger.go:44: start filehasher.worker(...)
[INFO] 2025/11/24 21:10:23 logger.go:44: start filehasher.worker(...)
[INFO] 2025/11/24 21:10:23 logger.go:44: start filehasher.worker(...)
[INFO] 2025/11/24 21:10:23 logger.go:44: start filehasher.worker(...)
[INFO] 2025/11/24 21:10:23 logger.go:44: start filehasher.worker(...)
[INFO] 2025/11/24 21:10:23 logger.go:44: start filehasher.worker(...)
[INFO] 2025/11/24 21:10:23 logger.go:44: start filehasher.worker(...)
[INFO] 2025/11/24 21:10:23 logger.go:44: start filehasher.worker(...)
[INFO] 2025/11/24 21:10:23 logger.go:44: start filehasher.worker(...)
[INFO] 2025/11/24 21:10:23 logger.go:44: start filehasher.worker(...)
[INFO] 2025/11/24 21:10:23 logger.go:44: start filehasher.worker(...)
[INFO] 2025/11/24 21:10:23 logger.go:44: start filehasher.HashFile(/tmp/filehasher_test_2342766169, 1)
[INFO] 2025/11/24 21:10:23 logger.go:44: start filehasher.worker(...)
[INFO] 2025/11/24 21:10:23 logger.go:44: start filehasher.worker(...)
[INFO] 2025/11/24 21:10:23 logger.go:44: start filehasher.worker(...)
[INFO] 2025/11/24 21:10:23 logger.go:44: start filehasher.worker(...)
[INFO] 2025/11/24 21:10:23 logger.go:44: start filehasher.worker(...)
[INFO] 2025/11/24 21:10:23 logger.go:44: start filehasher.worker(...)
[INFO] 2025/11/24 21:10:23 logger.go:44: start filehasher.worker(...)
[INFO] 2025/11/24 21:10:23 logger.go:44: start filehasher.worker(...)
[INFO] 2025/11/24 21:10:23 logger.go:44: start filehasher.worker(...)
[INFO] 2025/11/24 21:10:23 logger.go:44: start filehasher.worker(...)
[INFO] 2025/11/24 21:10:23 logger.go:44: start filehasher.worker(...)
[INFO] 2025/11/24 21:10:23 logger.go:44: start filehasher.worker(...)
[INFO] 2025/11/24 21:10:49 logger.go:44: start filehasher.HashFile(./testdata/avidreaders.ru__oblomov.txt, 1024)
[INFO] 2025/11/24 21:10:49 logger.go:44: start filehasher.worker(...)
[INFO] 2025/11/24 21:10:49 logger.go:44: start filehasher.worker(...)
[INFO] 2025/11/24 21:10:49 logger.go:44: start filehasher.worker(...)
[INFO] 2025/11/24 21:10:49 logger.go:44: start filehasher.worker(...)
[INFO] 2025/11/24 21:10:49 logger.go:44: start filehasher.worker(...)
[INFO] 2025/11/24 21:10:49 logger.go:44: start filehasher.worker(...)
[INFO] 2025/11/24 21:10:49 logger.go:44: start filehasher.worker(...)
[INFO] 2025/11/24 21:10:49 logger.go:44: start filehasher.worker(...)
[INFO] 2025/11/24 21:10:49 logger.go:44: start filehasher.worker(...)
[INFO] 2025/11/24 21:10:49 logger.go:44: start filehasher.worker(...)
[INFO] 2025/11/24 21:10:49 logger.go:44: start filehasher.worker(...)
[INFO] 2025/11/24 21:10:49 logger.go:44: start filehasher.worker(...)
[INFO] 2025/11/24 21:10:49 logger.go:44: start filehasher.HashFile(no_such_file.txt, 1024)
[ERROR] 2025/11/24 21:10:49 logger.go:52: filehasher.HashFile(...) have err = open no_such_file.txt: no such file or directory
[INFO] 2025/11/24 21:10:49 logger.go:44: start filehasher.HashFile(/tmp/filehasher_test_301119264, 1024)
[INFO] 2025/11/24 21:10:49 logger.go:44: start filehasher.worker(...)
[INFO] 2025/11/24 21:10:49 logger.go:44: start filehasher.worker(...)
[INFO] 2025/11/24 21:10:49 logger.go:44: start filehasher.worker(...)
[INFO] 2025/11/24 21:10:49 logger.go:44: start filehasher.worker(...)
[INFO] 2025/11/24 21:10:49 logger.go:44: start filehasher.worker(...)
[INFO] 2025/11/24 21:10:49 logger.go:44: start filehasher.worker(...)
[INFO] 2025/11/24 21:10:49 logger.go:44: start filehasher.worker(...)
[INFO] 2025/11/24 21:10:49 logger.go:44: start filehasher.worker(...)
[INFO] 2025/11/24 21:10:49 logger.go:44: start filehasher.worker(...)
[INFO] 2025/11/24 21:10:49 logger.go:44: start filehasher.worker(...)
[INFO] 2025/11/24 21:10:49 logger.go:44: start filehasher.worker(...)
[INFO] 2025/11/24 21:10:49 logger.go:44: start filehasher.worker(...)
[INFO] 2025/11/24 21:10:49 logger.go:44: start filehasher.HashFile(/tmp/filehasher_test_1497553604, 1024)
[INFO] 2025/11/24 21:10:49 logger.go:44: start filehasher.worker(...)
[INFO] 2025/11/24 21:10:49 logger.go:44: start filehasher.worker(...)
[INFO] 2025/11/24 21:10:49 logger.go:44: start filehasher.worker(...)
[INFO] 2025/11/24 21:10:49 logger.go:44: start filehasher.worker(...)
[INFO] 2025/11/24 21:10:49 logger.go:44: start filehasher.worker(...)
[INFO] 2025/11/24 21:10:49 logger.go:44: start filehasher.worker(...)
[INFO] 2025/11/24 21:10:49 logger.go:44: start filehasher.worker(...)
[INFO] 2025/11/24 21:10:49 logger.go:44: start filehasher.worker(...)
[INFO] 2025/11/24 21:10:49 logger.go:44: start filehasher.worker(...)
[INFO] 2025/11/24 21:10:49 logger.go:44: start filehasher.worker(...)
[INFO] 2025/11/24 21:10:49 logger.go:44: start filehasher.worker(...)
[INFO] 2025/11/24 21:10:49 logger.go:44: start filehasher.worker(...)
[INFO] 2025/11/24 21:10:49 logger.go:44: start filehasher.HashFile(/tmp/filehasher_test_3571000293, 1024)
[INFO] 2025/11/24 21:10:49 logger.go:44: start filehasher.worker(...)
[INFO] 2025/11/24 21:10:49 logger.go:44: start filehasher.worker(...)
[INFO] 2025/11/24 21:10:49 logger.go:44: start filehasher.worker(...)
[INFO] 2025/11/24 21:10:49 logger.go:44: start filehasher.worker(...)
[INFO] 2025/11/24 21:10:49 logger.go:44: start filehasher.worker(...)
[INFO] 2025/11/24 21:10:49 logger.go:44: start filehasher.worker(...)
[INFO] 2025/11/24 21:10:49 logger.go:44: start filehasher.worker(...)
[INFO] 2025/11/24 21:10:49 logger.go:44: start filehasher.worker(...)
[INFO] 2025/11/24 21:10:49 logger.go:44: start filehasher.worker(...)
[INFO] 2025/11/24 21:10:49 logger.go:44: start filehasher.worker(...)
[INFO] 2025/11/24 21:10:49 logger.go:44: start filehasher.worker(...)
[INFO] 2025/11/24 21:10:49 logger.go:44: start filehasher.worker(...)
[INFO] 2025/11/24 21:10:49 logger.go:44: start filehasher.HashFile(/tmp/filehasher_test_3297539152, 1)
[INFO] 2025/11/24 21:10:49 logger.go:44: start filehasher.worker(...)
[INFO] 2025/11/24 21:10:49 logger.go:44: start filehasher.worker(...)
[INFO] 2025/11/24 21:10:49 logger.go:44: start filehasher.worker(...)
[INFO] 2025/11/24 21:10:49 logger.go:44: start filehasher.worker(...)
[INFO] 2025/11/24 21:10:49 logger.go:44: start filehasher.worker(...)
[INFO] 2025/11/24 21:10:49 logger.go:44: start filehasher.worker(...)
[INFO] 2025/11/24 21:10:49 logger.go:44: start filehasher.worker(...)
[INFO] 2025/11/24 21:10:49 logger.go:44: start filehasher.worker(...)
[INFO] 2025/11/24 21:10:49 logger.go:44: start filehasher.worker(...)
[INFO] 2025/11/24 21:10:49 logger.go:44: start filehasher.worker(...)
[INFO] 2025/11/24 21:10:49 logger.go:44: start filehasher.worker(...)
[INFO] 2025/11/24 21:10:49 logger.go:44: start filehasher.worker(...)
[INFO] 2025/11/24 21:57:55 logger.go:44: start filehasher.HashFile(./testdata/avidreaders.ru__oblomov.txt, 1024)
[INFO] 2025/11/24 21:57:55 logger.go:44: start filehasher.worker(...)
[INFO] 2025/11/24 21:57:55 logger.go:44: start filehasher.worker(...)
[INFO] 2025/11/24 21:57:55 logger.go:44: start filehasher.worker(...)
[INFO] 2025/11/24 21:57:55 logger.go:44: start filehasher.worker(...)
[INFO] 2025/11/24 21:57:55 logger.go:44: start filehasher.worker(...)
[INFO] 2025/11/24 21:57:55 logger.go:44: start filehasher.worker(...)
[INFO] 2025/11/24 21:57:55 logger.go:44: start filehasher.worker(...)
[INFO] 2025/11/24 21:57:55 logger.go:44: start filehasher.worker(...)
[INFO] 2025/11/24 21:57:55 logger.go:44: start filehasher.worker(...)
[INFO] 2025/11/24 21:57:55 logger.go:44: start filehasher.worker(...)
[INFO] 2025/11/24 21:57:55 logger.go:44: start filehasher.worker(...)
[INFO] 2025/11/24 21:57:55 logger.go:44: start filehasher.worker(...)
[INFO] 2025/11/24 21:57:55 logger.go:44: start filehasher.HashFile(no_such_file.txt, 1024)
[ERROR] 2025/11/24 21:57:55 logger.go:52: filehasher.HashFile(...) have err = open no_such_file.txt: no such file or directory
[INFO] 2025/11/24 21:57:55 logger.go:44: start filehasher.HashFile(/tmp/filehasher_test_781708119, 1024)
[INFO] 2025/11/24 21:57:55 logger.go:44: start filehasher.worker(...)
[INFO] 2025/11/24 21:57:55 logger.go:44: start filehasher.worker(...)
[INFO] 2025/11/24 21:57:55 logger.go:44: start filehasher.worker(...)
[INFO] 2025/11/24 21:57:55 logger.go:44: start filehasher.worker(...)
[INFO] 2025/11/24 21:57:55 logger.go:44: start filehasher.worker(...)
[INFO] 2025/11/24 21:57:55 logger.go:44: start filehasher.worker(...)
[INFO] 2025/11/24 21:57:55 logger.go:44: start filehasher.worker(...)
[INFO] 2025/11/24 21:57:55 logger.go:44: start filehasher.worker(...)
[INFO] 2025/11/24 21:57:55 logger.go:44: start filehasher.worker(...)
[INFO] 2025/11/24 21:57:55 logger.go:44: start filehasher.worker(...)
[INFO] 2025/11/24 21:57:55 logger.go:44: start filehasher.worker(...)
[INFO] 2025/11/24 21:57:55 logger.go:44: start filehasher.worker(...)
[INFO] 2025/11/24 21:57:55 logger.go:44: start filehasher.HashFile(/tmp/filehasher_test_835085009, 1024)
[INFO] 2025/11/24 21:57:55 logger.go:44: start filehasher.worker(...)
[INFO] 2025/11/24 21:57:55 logger.go:44: start filehasher.worker(...)
[INFO] 2025/11/24 21:57:55 logger.go:44: start filehasher.worker(...)
[INFO] 2025/11/24 21:57:55 logger.go:44: start filehasher.worker(...)
[INFO] 2025/11/24 21:57:55 logger.go:44: start filehasher.worker(...)
[INFO] 2025/11/24 21:57:55 logger.go:44: start filehasher.worker(...)
[INFO] 2025/11/24 21:57:55 logger.go:44: start filehasher.worker(...)
[INFO] 2025/11/24 21:57:55 logger.go:44: start filehasher.worker(...)
[INFO] 2025/11/24 21:57:55 logger.go:44: start filehasher.worker(...)
[INFO] 2025/11/24 21:57:55 logger.go:44: start filehasher.worker(...)
[INFO] 2025/11/24 21:57:55 logger.go:44: start filehasher.worker(...)
[INFO] 2025/11/24 21:57:55 logger.go:44: start filehasher.worker(...)
[INFO] 2025/11/24 21:57:55 logger.go:44: start filehasher.HashFile(/tmp/filehasher_test_3256960064, 1024)
[INFO] 2025/11/24 21:57:55 logger.go:44: start filehasher.worker(...)
[INFO] 2025/11/24 21:57:55 logger.go:44: start filehasher.worker(...)
[INFO] 2025/11/24 21:57:55 logger.go:44: start filehasher.worker(...)
[INFO] 2025/11/24 21:57:55 logger.go:44: start filehasher.worker(...)
[INFO] 2025/11/24 21:57:55 logger.go:44: start filehasher.worker(...)
[INFO] 2025/11/24 21:57:55 logger.go:44: start filehasher.worker(...)
[INFO] 2025/11/24 21:57:55 logger.go:44: start filehasher.worker(...)
[INFO] 2025/11/24 21:57:55 logger.go:44: start filehasher.worker(...)
[INFO] 2025/11/24 21:57:55 logger.go:44: start filehasher.worker(...)
[INFO] 2025/11/24 21:57:55 logger.go:44: start filehasher.worker(...)
[INFO] 2025/11/24 21:57:55 logger.go:44: start filehasher.worker(...)
[INFO] 2025/11/24 21:57:55 logger.go:44: start filehasher.worker(...)
[INFO] 2025/11/24 21:57:55 logger.go:44: start filehasher.HashFile(/tmp/filehasher_test_2282237075, 1)
[INFO] 2025/11/24 21:57:55 logger.go:44: start filehasher.worker(...)
[INFO] 2025/11/24 21:57:55 logger.go:44: start filehasher.worker(...)
[INFO] 2025/11/24 21:57:55 logger.go:44: start filehasher.worker(...)
[INFO] 2025/11/24 21:57:55 logger.go:44: start filehasher.worker(...)
[INFO] 2025/11/24 21:57:55 logger.go:44: start filehasher.worker(...)
[INFO] 2025/11/24 21:57:55 logger.go:44: start filehasher.worker(...)
[INFO] 2025/11/24 21:57:55 logger.go:44: start filehasher.worker(...)
[INFO] 2025/11/24 21:57:55 logger.go:44: start filehasher.worker(...)
[INFO] 2025/11/24 21:57:55 logger.go:44: start filehasher.worker(...)
[INFO] 2025/11/24 21:57:55 logger.go:44: start filehasher.worker(...)
[INFO] 2025/11/24 21:57:55 logger.go:44: start filehasher.worker(...)
[INFO] 2025/11/24 21:57:55 logger.go:44: start filehasher.worker(...)
