[INFO] 2025/12/08 21:30:44.575632 logger.go:40: start filehandlerEnsureFileExists()
[INFO] 2025/12/08 21:30:44.575795 logger.go:40: create filehandlerEnsureFileExists()
[INFO] 2025/12/08 21:30:58.913050 logger.go:44: start uifunc.downloader.NewDownloader(/home/rama/Ramil-caramel/Kurs_work/user/avidreaders.ru__oblomov.txt.mytorrent)
[INFO] 2025/12/08 21:30:58.913607 logger.go:44: start filehandler.PublicHouse.GetBitmap(avidreaders.ru__oblomov.txt,...)
[ERROR] 2025/12/08 21:30:58.913718 logger.go:52: ilehandler.PublicHouse.GetBitmap(...) have err = record not found
[INFO] 2025/12/08 21:30:58.913770 logger.go:44: start filehandler.PublicHouse.NewSeed(avidreaders.ru__oblomov.txt,...)
[ERROR] 2025/12/08 21:30:58.913780 logger.go:52: filehandler.PublicHouse.NewSeed(...) have err = stat avidreaders.ru__oblomov.txt: no such file or directory
[INFO] 2025/12/08 21:30:58.913790 logger.go:44: start filehandler.PublicHouse.updateRecord(avidreaders.ru__oblomov.txt,0000000000000)
[INFO] 2025/12/08 21:30:58.913806 logger.go:44: filehandler.PublicHouse.updateRecord(...) have trouble = record not found
[INFO] 2025/12/08 21:30:58.913953 logger.go:44: start filehandler.CreateFile(avidreaders.ru__oblomov.txt,...)
[INFO] 2025/12/08 21:30:58.997212 logger.go:44: start filehandler.PutPiece(avidreaders.ru__oblomov.txt,...,0,..)
[INFO] 2025/12/08 21:30:58.997505 logger.go:44: start filehandler.PublicHouse.updateRecord(avidreaders.ru__oblomov.txt,1000000000000)
[INFO] 2025/12/08 21:30:59.022101 logger.go:44: start filehandler.PutPiece(avidreaders.ru__oblomov.txt,...,1,..)
[INFO] 2025/12/08 21:30:59.022463 logger.go:44: start filehandler.PublicHouse.updateRecord(avidreaders.ru__oblomov.txt,1100000000000)
[INFO] 2025/12/08 21:30:59.045028 logger.go:44: start filehandler.PutPiece(avidreaders.ru__oblomov.txt,...,2,..)
[INFO] 2025/12/08 21:30:59.045275 logger.go:44: start filehandler.PublicHouse.updateRecord(avidreaders.ru__oblomov.txt,1110000000000)
[INFO] 2025/12/08 21:30:59.067625 logger.go:44: start filehandler.PutPiece(avidreaders.ru__oblomov.txt,...,3,..)
[INFO] 2025/12/08 21:30:59.067856 logger.go:44: start filehandler.PublicHouse.updateRecord(avidreaders.ru__oblomov.txt,1111000000000)
[INFO] 2025/12/08 21:30:59.099157 logger.go:44: start filehandler.PutPiece(avidreaders.ru__oblomov.txt,...,4,..)
[INFO] 2025/12/08 21:30:59.099310 logger.go:44: start filehandler.PublicHouse.updateRecord(avidreaders.ru__oblomov.txt,1111100000000)
[INFO] 2025/12/08 21:30:59.124798 logger.go:44: start filehandler.PutPiece(avidreaders.ru__oblomov.txt,...,5,..)
[INFO] 2025/12/08 21:30:59.124949 logger.go:44: start filehandler.PublicHouse.updateRecord(avidreaders.ru__oblomov.txt,1111110000000)
[INFO] 2025/12/08 21:30:59.145405 logger.go:44: start filehandler.PutPiece(avidreaders.ru__oblomov.txt,...,6,..)
[INFO] 2025/12/08 21:30:59.145526 logger.go:44: start filehandler.PublicHouse.updateRecord(avidreaders.ru__oblomov.txt,1111111000000)
[INFO] 2025/12/08 21:30:59.166029 logger.go:44: start filehandler.PutPiece(avidreaders.ru__oblomov.txt,...,7,..)
[INFO] 2025/12/08 21:30:59.166142 logger.go:44: start filehandler.PublicHouse.updateRecord(avidreaders.ru__oblomov.txt,1111111100000)
[INFO] 2025/12/08 21:30:59.188784 logger.go:44: start filehandler.PutPiece(avidreaders.ru__oblomov.txt,...,8,..)
[INFO] 2025/12/08 21:30:59.188929 logger.go:44: start filehandler.PublicHouse.updateRecord(avidreaders.ru__oblomov.txt,1111111110000)
[INFO] 2025/12/08 21:30:59.211768 logger.go:44: start filehandler.PutPiece(avidreaders.ru__oblomov.txt,...,9,..)
[INFO] 2025/12/08 21:30:59.212111 logger.go:44: start filehandler.PublicHouse.updateRecord(avidreaders.ru__oblomov.txt,1111111111000)
[INFO] 2025/12/08 21:30:59.233763 logger.go:44: start filehandler.PutPiece(avidreaders.ru__oblomov.txt,...,10,..)
[INFO] 2025/12/08 21:30:59.233883 logger.go:44: start filehandler.PublicHouse.updateRecord(avidreaders.ru__oblomov.txt,1111111111100)
[INFO] 2025/12/08 21:30:59.258797 logger.go:44: start filehandler.PutPiece(avidreaders.ru__oblomov.txt,...,11,..)
[INFO] 2025/12/08 21:30:59.258919 logger.go:44: start filehandler.PublicHouse.updateRecord(avidreaders.ru__oblomov.txt,1111111111110)
[INFO] 2025/12/08 21:30:59.279939 logger.go:44: start filehandler.PutPiece(avidreaders.ru__oblomov.txt,...,12,..)
[INFO] 2025/12/08 21:30:59.280041 logger.go:44: start filehandler.PublicHouse.updateRecord(avidreaders.ru__oblomov.txt,1111111111111)
